<?xml version="1.0" encoding="UTF-8"?>
<!-- Generated by org.testng.reporters.JUnitReportReporter -->
<testsuite hostname="Lubab" failures="0" tests="13" name="CodenBoxAutomation.CodenBoxAutomation.AppTest" time="51.562" errors="0" timestamp="2025-08-02T14:34:35 EET" skipped="1">
  <testcase classname="CodenBoxAutomation.CodenBoxAutomation.AppTest" name="RadioButton" time="0.088"/>
  <testcase classname="CodenBoxAutomation.CodenBoxAutomation.AppTest" name="DynamicDropdown" time="1.121"/>
  <testcase classname="CodenBoxAutomation.CodenBoxAutomation.AppTest" name="StaticDropdown" time="0.136"/>
  <testcase classname="CodenBoxAutomation.CodenBoxAutomation.AppTest" name="Checkbox" time="0.132"/>
  <testcase classname="CodenBoxAutomation.CodenBoxAutomation.AppTest" name="SwitchTab" time="9.017"/>
  <testcase classname="CodenBoxAutomation.CodenBoxAutomation.AppTest" name="Alert" time="8.381"/>
  <testcase classname="CodenBoxAutomation.CodenBoxAutomation.AppTest" name="Table" time="0.226"/>
  <testcase classname="CodenBoxAutomation.CodenBoxAutomation.AppTest" name="HideAndShow" time="4.145"/>
  <testcase classname="CodenBoxAutomation.CodenBoxAutomation.AppTest" name="EnableAndDisable" time="8.289"/>
  <testcase classname="CodenBoxAutomation.CodenBoxAutomation.AppTest" name="MouseHover" time="4.239"/>
  <testcase classname="CodenBoxAutomation.CodenBoxAutomation.AppTest" name="CalendarOpenTest" time="3.230"/>
  <testcase classname="CodenBoxAutomation.CodenBoxAutomation.AppTest" name="Iframe" time="12.558"/>
  <testcase classname="CodenBoxAutomation.CodenBoxAutomation.AppTest" name="SwitchWindow">
    <skipped/>
  </testcase> <!-- SwitchWindow -->
</testsuite> <!-- CodenBoxAutomation.CodenBoxAutomation.AppTest -->
